mode: atomic
plexcord/internal/discord/presence.go:24.44,29.2 1 8
plexcord/internal/discord/presence.go:34.59,39.20 3 1
plexcord/internal/discord/presence.go:39.20,41.3 1 0
plexcord/internal/discord/presence.go:44.2,44.32 1 1
plexcord/internal/discord/presence.go:44.32,46.3 1 1
plexcord/internal/discord/presence.go:49.2,49.45 1 0
plexcord/internal/discord/presence.go:49.45,52.3 2 0
plexcord/internal/discord/presence.go:55.2,55.45 1 0
plexcord/internal/discord/presence.go:55.45,59.3 3 0
plexcord/internal/discord/presence.go:61.2,65.16 3 0
plexcord/internal/discord/presence.go:65.16,68.3 2 0
plexcord/internal/discord/presence.go:70.2,73.12 4 0
plexcord/internal/discord/presence.go:78.47,82.19 3 1
plexcord/internal/discord/presence.go:82.19,84.3 1 1
plexcord/internal/discord/presence.go:86.2,96.12 6 0
plexcord/internal/discord/presence.go:100.47,104.2 3 2
plexcord/internal/discord/presence.go:107.49,111.2 3 2
plexcord/internal/discord/presence.go:115.66,119.19 3 1
plexcord/internal/discord/presence.go:119.19,121.3 1 1
plexcord/internal/discord/presence.go:124.2,127.16 3 0
plexcord/internal/discord/presence.go:127.16,130.33 2 0
plexcord/internal/discord/presence.go:130.33,133.4 2 0
plexcord/internal/discord/presence.go:134.3,134.83 1 0
plexcord/internal/discord/presence.go:137.2,139.12 3 0
plexcord/internal/discord/presence.go:144.50,148.19 3 1
plexcord/internal/discord/presence.go:148.19,150.3 1 1
plexcord/internal/discord/presence.go:154.2,159.16 4 0
plexcord/internal/discord/presence.go:159.16,163.3 3 0
plexcord/internal/discord/presence.go:165.2,166.12 2 0
plexcord/internal/discord/presence.go:170.63,174.2 3 2
plexcord/internal/discord/presence.go:177.56,183.23 2 4
plexcord/internal/discord/presence.go:183.23,184.23 1 4
plexcord/internal/discord/presence.go:184.23,186.4 1 1
plexcord/internal/discord/presence.go:186.9,188.4 1 3
plexcord/internal/discord/presence.go:192.2,192.43 1 4
plexcord/internal/discord/presence.go:192.43,193.29 1 0
plexcord/internal/discord/presence.go:193.29,195.4 1 0
plexcord/internal/discord/presence.go:195.9,197.4 1 0
plexcord/internal/discord/presence.go:201.2,201.54 1 4
plexcord/internal/discord/presence.go:201.54,205.3 1 1
plexcord/internal/discord/presence.go:208.2,212.28 3 4
plexcord/internal/discord/presence.go:212.28,215.3 2 1
plexcord/internal/discord/presence.go:215.8,218.3 2 3
plexcord/internal/discord/presence.go:220.2,220.17 1 4
plexcord/internal/discord/presence.go:226.46,228.20 1 7
plexcord/internal/discord/presence.go:228.20,230.3 1 1
plexcord/internal/discord/presence.go:233.2,233.24 1 6
plexcord/internal/discord/presence.go:233.24,236.3 1 1
plexcord/internal/discord/presence.go:239.2,239.29 1 5
plexcord/internal/discord/presence.go:239.29,240.25 1 91
plexcord/internal/discord/presence.go:240.25,243.4 1 2
plexcord/internal/discord/presence.go:246.2,246.12 1 3
plexcord/internal/discord/presence.go:252.44,253.20 1 9
plexcord/internal/discord/presence.go:253.20,255.3 1 1
plexcord/internal/discord/presence.go:257.2,257.24 1 8
plexcord/internal/discord/presence.go:257.24,259.3 1 2
plexcord/internal/discord/presence.go:260.2,260.29 1 6
plexcord/internal/discord/presence.go:260.29,261.25 1 108
plexcord/internal/discord/presence.go:261.25,263.4 1 3
plexcord/internal/discord/presence.go:265.2,265.13 1 3
plexcord/internal/discord/presence.go:269.39,270.16 1 9
plexcord/internal/discord/presence.go:270.16,272.3 1 1
plexcord/internal/discord/presence.go:274.2,279.36 2 8
plexcord/internal/discord/presence.go:279.36,281.3 1 7
plexcord/internal/discord/presence.go:283.2,283.41 1 1
plexcord/internal/discord/presence.go:283.41,285.3 1 0
plexcord/internal/discord/presence.go:288.2,288.82 1 1
plexcord/internal/discord/presence.go:292.44,293.16 1 5
plexcord/internal/discord/presence.go:293.16,295.3 1 1
plexcord/internal/discord/presence.go:296.2,299.34 2 4
plexcord/internal/discord/presence.go:304.123,318.2 3 0
plexcord/internal/errors/errors.go:16.35,18.2 1 1
plexcord/internal/errors/errors.go:26.42,27.36 1 6
plexcord/internal/errors/errors.go:27.36,29.3 1 0
plexcord/internal/errors/errors.go:31.2,34.3 1 6
plexcord/internal/errors/errors.go:47.61,49.16 2 2
plexcord/internal/errors/errors.go:49.16,51.3 1 1
plexcord/internal/errors/errors.go:53.2,53.40 1 2
plexcord/internal/errors/errors.go:53.40,55.3 1 0
plexcord/internal/errors/errors.go:57.2,60.3 1 2
plexcord/internal/errors/errors.go:71.38,72.39 1 3
plexcord/internal/errors/errors.go:72.39,74.3 1 2
plexcord/internal/errors/errors.go:75.2,75.14 1 1
plexcord/internal/errors/errors.go:87.32,88.39 1 2
plexcord/internal/errors/errors.go:88.39,90.3 1 1
plexcord/internal/errors/errors.go:91.2,91.11 1 1
plexcord/internal/errors/errors.go:107.49,120.44 3 34
plexcord/internal/errors/errors.go:120.44,121.42 1 402
plexcord/internal/errors/errors.go:121.42,124.44 1 18
plexcord/internal/errors/errors.go:124.44,126.5 1 15
plexcord/internal/errors/errors.go:131.2,132.37 2 19
plexcord/internal/errors/errors.go:132.37,134.3 1 0
plexcord/internal/errors/errors.go:137.2,138.40 2 19
plexcord/internal/errors/errors.go:138.40,140.3 1 3
plexcord/internal/errors/errors.go:142.2,142.14 1 16
plexcord/internal/errors/errors.go:147.54,155.40 3 18
plexcord/internal/errors/errors.go:155.40,157.53 1 171
plexcord/internal/errors/errors.go:157.53,159.4 1 1
plexcord/internal/errors/errors.go:161.3,161.76 1 170
plexcord/internal/errors/errors.go:161.76,163.4 1 2
plexcord/internal/errors/errors.go:166.2,166.14 1 15
plexcord/internal/errors/errors.go:183.48,184.19 1 16
plexcord/internal/errors/errors.go:184.19,186.3 1 1
plexcord/internal/errors/errors.go:189.2,189.37 1 15
plexcord/internal/errors/errors.go:189.37,191.3 1 3
plexcord/internal/errors/errors.go:193.2,212.39 3 12
plexcord/internal/errors/errors.go:212.39,214.3 1 96
plexcord/internal/errors/errors.go:217.2,218.77 2 12
plexcord/internal/errors/errors.go:218.77,220.3 1 0
plexcord/internal/errors/errors.go:223.2,224.80 2 12
plexcord/internal/errors/errors.go:224.80,226.3 1 2
plexcord/internal/errors/errors.go:228.2,228.15 1 12
plexcord/internal/errors/errors.go:238.34,239.17 1 10
plexcord/internal/errors/errors.go:239.17,241.3 1 3
plexcord/internal/errors/errors.go:244.2,244.37 1 7
plexcord/internal/errors/messages.go:133.42,134.40 1 0
plexcord/internal/errors/messages.go:134.40,136.3 1 0
plexcord/internal/errors/messages.go:137.2,137.36 1 0
plexcord/internal/errors/messages.go:142.49,144.16 2 0
plexcord/internal/errors/messages.go:144.16,146.3 1 0
plexcord/internal/errors/messages.go:147.2,147.27 1 0
plexcord/internal/errors/messages.go:151.36,152.40 1 0
plexcord/internal/errors/messages.go:152.40,154.3 1 0
plexcord/internal/errors/messages.go:155.2,155.13 1 0
plexcord/internal/errors/messages.go:160.36,162.2 1 0
plexcord/internal/errors/messages.go:165.42,166.14 1 0
plexcord/internal/errors/messages.go:168.44,169.14 1 0
plexcord/internal/errors/messages.go:171.2,171.14 1 0
plexcord/internal/keychain/fallback.go:20.43,26.16 3 3
plexcord/internal/keychain/fallback.go:26.16,28.3 1 0
plexcord/internal/keychain/fallback.go:31.2,35.16 3 3
plexcord/internal/keychain/fallback.go:35.16,37.3 1 0
plexcord/internal/keychain/fallback.go:40.2,41.16 2 3
plexcord/internal/keychain/fallback.go:41.16,43.3 1 0
plexcord/internal/keychain/fallback.go:45.2,45.12 1 3
plexcord/internal/keychain/fallback.go:49.41,51.16 2 4
plexcord/internal/keychain/fallback.go:51.16,53.3 1 0
plexcord/internal/keychain/fallback.go:56.2,56.53 1 4
plexcord/internal/keychain/fallback.go:56.53,59.3 1 2
plexcord/internal/keychain/fallback.go:62.2,63.16 2 2
plexcord/internal/keychain/fallback.go:63.16,65.3 1 0
plexcord/internal/keychain/fallback.go:68.2,69.16 2 2
plexcord/internal/keychain/fallback.go:69.16,71.3 1 0
plexcord/internal/keychain/fallback.go:74.2,78.16 3 2
plexcord/internal/keychain/fallback.go:78.16,80.3 1 0
plexcord/internal/keychain/fallback.go:82.2,82.31 1 2
plexcord/internal/keychain/fallback.go:86.34,88.16 2 7
plexcord/internal/keychain/fallback.go:88.16,90.3 1 0
plexcord/internal/keychain/fallback.go:93.2,94.39 2 7
plexcord/internal/keychain/fallback.go:94.39,96.3 1 0
plexcord/internal/keychain/fallback.go:98.2,98.12 1 7
plexcord/internal/keychain/fallback.go:102.40,105.16 2 15
plexcord/internal/keychain/fallback.go:105.16,107.3 1 0
plexcord/internal/keychain/fallback.go:110.2,111.22 2 15
plexcord/internal/keychain/fallback.go:117.32,120.16 2 12
plexcord/internal/keychain/fallback.go:120.16,122.3 1 0
plexcord/internal/keychain/fallback.go:125.2,126.20 2 12
plexcord/internal/keychain/fallback.go:126.20,128.3 1 12
plexcord/internal/keychain/fallback.go:129.2,129.20 1 12
plexcord/internal/keychain/fallback.go:129.20,131.3 1 0
plexcord/internal/keychain/fallback.go:134.2,138.16 3 12
plexcord/internal/keychain/fallback.go:142.63,145.16 2 11
plexcord/internal/keychain/fallback.go:145.16,147.3 1 0
plexcord/internal/keychain/fallback.go:150.2,151.16 2 11
plexcord/internal/keychain/fallback.go:151.16,153.3 1 0
plexcord/internal/keychain/fallback.go:156.2,157.59 2 11
plexcord/internal/keychain/fallback.go:157.59,159.3 1 0
plexcord/internal/keychain/fallback.go:163.2,164.24 2 11
plexcord/internal/keychain/fallback.go:168.64,171.16 2 7
plexcord/internal/keychain/fallback.go:171.16,173.3 1 0
plexcord/internal/keychain/fallback.go:176.2,177.16 2 7
plexcord/internal/keychain/fallback.go:177.16,179.3 1 0
plexcord/internal/keychain/fallback.go:182.2,183.33 2 7
plexcord/internal/keychain/fallback.go:183.33,185.3 1 1
plexcord/internal/keychain/fallback.go:187.2,191.16 3 6
plexcord/internal/keychain/fallback.go:191.16,193.3 1 1
plexcord/internal/keychain/fallback.go:195.2,195.23 1 5
plexcord/internal/keychain/keychain.go:31.35,32.17 1 7
plexcord/internal/keychain/keychain.go:32.17,34.3 1 1
plexcord/internal/keychain/keychain.go:36.2,37.16 2 6
plexcord/internal/keychain/keychain.go:37.16,39.33 1 0
plexcord/internal/keychain/keychain.go:39.33,42.4 2 0
plexcord/internal/keychain/keychain.go:43.3,43.93 1 0
plexcord/internal/keychain/keychain.go:46.2,46.12 1 6
plexcord/internal/keychain/keychain.go:63.33,65.16 2 6
plexcord/internal/keychain/keychain.go:65.16,67.33 1 2
plexcord/internal/keychain/keychain.go:67.33,69.4 1 0
plexcord/internal/keychain/keychain.go:72.3,72.33 1 2
plexcord/internal/keychain/keychain.go:72.33,74.4 1 2
plexcord/internal/keychain/keychain.go:76.3,76.101 1 0
plexcord/internal/keychain/keychain.go:79.2,79.19 1 4
plexcord/internal/keychain/keychain.go:91.26,93.16 2 12
plexcord/internal/keychain/keychain.go:93.16,95.33 1 6
plexcord/internal/keychain/keychain.go:95.33,97.4 1 0
plexcord/internal/keychain/keychain.go:100.3,100.33 1 6
plexcord/internal/keychain/keychain.go:100.33,102.4 1 6
plexcord/internal/keychain/keychain.go:104.3,104.95 1 0
plexcord/internal/keychain/keychain.go:107.2,107.12 1 6
plexcord/internal/keychain/keychain.go:112.44,113.16 1 10
plexcord/internal/keychain/keychain.go:113.16,115.3 1 1
plexcord/internal/keychain/keychain.go:120.2,120.14 1 9
plexcord/internal/config/config.go:31.30,39.2 1 1
plexcord/internal/config/config.go:42.30,44.16 2 2
plexcord/internal/config/config.go:44.16,46.3 1 0
plexcord/internal/config/config.go:49.2,49.55 1 2
plexcord/internal/config/config.go:49.55,52.3 1 0
plexcord/internal/config/config.go:55.2,56.16 2 2
plexcord/internal/config/config.go:56.16,58.3 1 0
plexcord/internal/config/config.go:61.2,62.51 2 2
plexcord/internal/config/config.go:62.51,64.3 1 0
plexcord/internal/config/config.go:66.2,66.18 1 2
plexcord/internal/config/config.go:70.30,72.42 1 0
plexcord/internal/config/config.go:72.42,74.3 1 0
plexcord/internal/config/config.go:77.2,78.16 2 0
plexcord/internal/config/config.go:78.16,80.3 1 0
plexcord/internal/config/config.go:83.2,84.16 2 0
plexcord/internal/config/config.go:84.16,86.3 1 0
plexcord/internal/config/config.go:89.2,89.61 1 0
plexcord/internal/config/config.go:89.61,91.3 1 0
plexcord/internal/config/config.go:93.2,93.12 1 0
plexcord/internal/config/config.go:97.26,99.16 2 2
plexcord/internal/config/config.go:99.16,101.3 1 0
plexcord/internal/config/config.go:103.2,104.19 2 2
plexcord/internal/config/config.go:112.29,114.21 1 1
plexcord/internal/config/config.go:114.21,116.3 1 0
plexcord/internal/config/config.go:119.2,120.16 2 1
plexcord/internal/config/config.go:120.16,122.3 1 0
plexcord/internal/config/config.go:125.2,125.47 1 1
plexcord/internal/config/config.go:131.21,133.16 2 0
plexcord/internal/config/config.go:133.16,135.3 1 0
plexcord/internal/config/config.go:138.2,138.46 1 0
plexcord/internal/config/config.go:138.46,139.25 1 0
plexcord/internal/config/config.go:139.25,142.4 1 0
plexcord/internal/config/config.go:143.3,143.94 1 0
plexcord/internal/config/config.go:146.2,146.12 1 0
plexcord/internal/config/paths.go:12.38,15.22 2 4
plexcord/internal/config/paths.go:16.17,19.20 2 4
plexcord/internal/config/paths.go:19.20,21.4 1 0
plexcord/internal/config/paths.go:22.3,22.49 1 4
plexcord/internal/config/paths.go:24.16,27.17 2 0
plexcord/internal/config/paths.go:27.17,29.4 1 0
plexcord/internal/config/paths.go:30.3,30.83 1 0
plexcord/internal/config/paths.go:32.10,35.17 2 0
plexcord/internal/config/paths.go:35.17,37.4 1 0
plexcord/internal/config/paths.go:38.3,38.55 1 0
plexcord/internal/config/paths.go:41.2,41.53 1 4
plexcord/internal/config/paths.go:45.30,47.16 2 0
plexcord/internal/config/paths.go:47.16,49.3 1 0
plexcord/internal/config/paths.go:51.2,54.53 2 0
plexcord/internal/config/paths.go:54.53,56.3 1 0
plexcord/internal/config/paths.go:58.2,58.12 1 0
plexcord/internal/version/version.go:34.21,40.2 1 1
plexcord/internal/version/version.go:67.44,72.16 4 0
plexcord/internal/version/version.go:72.16,74.3 1 0
plexcord/internal/version/version.go:76.2,80.16 4 0
plexcord/internal/version/version.go:80.16,82.3 1 0
plexcord/internal/version/version.go:83.2,85.44 2 0
plexcord/internal/version/version.go:85.44,92.3 1 0
plexcord/internal/version/version.go:94.2,94.38 1 0
plexcord/internal/version/version.go:94.38,96.3 1 0
plexcord/internal/version/version.go:98.2,99.68 2 0
plexcord/internal/version/version.go:99.68,101.3 1 0
plexcord/internal/version/version.go:104.2,104.41 1 0
plexcord/internal/version/version.go:104.41,110.3 1 0
plexcord/internal/version/version.go:113.2,122.8 2 0
plexcord/internal/version/version.go:127.50,133.39 3 12
plexcord/internal/version/version.go:133.39,135.3 1 2
plexcord/internal/version/version.go:137.2,140.25 3 10
plexcord/internal/version/version.go:140.25,141.39 1 22
plexcord/internal/version/version.go:141.39,143.4 1 6
plexcord/internal/version/version.go:144.3,144.39 1 16
plexcord/internal/version/version.go:144.39,146.4 1 2
plexcord/internal/version/version.go:149.2,149.14 1 2
plexcord/internal/version/version.go:153.36,157.49 2 29
plexcord/internal/version/version.go:157.49,159.3 1 5
plexcord/internal/version/version.go:161.2,162.46 2 29
plexcord/internal/version/version.go:162.46,164.3 1 84
plexcord/internal/version/version.go:166.2,166.14 1 29
plexcord/internal/version/version.go:170.60,171.26 1 4
plexcord/internal/version/version.go:171.26,173.3 1 3
plexcord/internal/version/version.go:174.2,174.31 1 1
plexcord/internal/version/version.go:178.30,180.2 1 1
plexcord/internal/platform/autostart.go:22.46,24.16 2 0
plexcord/internal/platform/autostart.go:24.16,27.3 2 0
plexcord/internal/platform/autostart.go:30.2,31.16 2 0
plexcord/internal/platform/autostart.go:31.16,33.3 1 0
plexcord/internal/platform/autostart.go:35.2,38.3 1 0
plexcord/internal/platform/autostart.go:42.59,43.13 1 0
plexcord/internal/platform/autostart.go:43.13,45.3 1 0
plexcord/internal/platform/autostart.go:46.2,46.20 1 0
plexcord/internal/platform/autostart_windows.go:16.45,18.16 2 0
plexcord/internal/platform/autostart_windows.go:18.16,20.3 1 0
plexcord/internal/platform/autostart_windows.go:21.2,24.19 3 0
plexcord/internal/platform/autostart_windows.go:28.43,29.19 1 0
plexcord/internal/platform/autostart_windows.go:29.19,32.3 2 0
plexcord/internal/platform/autostart_windows.go:34.2,35.16 2 0
plexcord/internal/platform/autostart_windows.go:35.16,38.3 2 0
plexcord/internal/platform/autostart_windows.go:39.2,42.76 2 0
plexcord/internal/platform/autostart_windows.go:42.76,45.3 2 0
plexcord/internal/platform/autostart_windows.go:47.2,48.12 2 0
plexcord/internal/platform/autostart_windows.go:52.44,53.20 1 0
plexcord/internal/platform/autostart_windows.go:53.20,56.3 2 0
plexcord/internal/platform/autostart_windows.go:58.2,59.16 2 0
plexcord/internal/platform/autostart_windows.go:59.16,62.3 2 0
plexcord/internal/platform/autostart_windows.go:63.2,65.51 2 0
plexcord/internal/platform/autostart_windows.go:65.51,68.3 2 0
plexcord/internal/platform/autostart_windows.go:70.2,71.12 2 0
plexcord/internal/platform/platform.go:13.27,15.2 1 0
plexcord/internal/platform/tray.go:45.59,52.2 1 0
plexcord/internal/platform/tray.go:57.32,61.16 3 0
plexcord/internal/platform/tray.go:61.16,63.3 1 0
plexcord/internal/platform/tray.go:65.2,66.61 2 0
plexcord/internal/platform/tray.go:72.31,76.17 3 0
plexcord/internal/platform/tray.go:76.17,78.3 1 0
plexcord/internal/platform/tray.go:80.2,81.36 2 0
plexcord/internal/platform/tray.go:85.41,89.2 3 0
plexcord/internal/platform/tray.go:93.53,100.2 4 0
plexcord/internal/platform/tray.go:104.51,110.2 3 0
plexcord/internal/platform/tray.go:113.47,117.2 3 0
plexcord/app.go:52.20,59.2 1 0
plexcord/app.go:62.44,68.16 3 0
plexcord/app.go:68.16,71.3 2 0
plexcord/app.go:72.2,81.16 5 0
plexcord/app.go:81.16,83.3 1 0
plexcord/app.go:83.8,83.24 1 0
plexcord/app.go:83.24,85.3 1 0
plexcord/app.go:85.8,87.3 1 0
plexcord/app.go:90.2,90.30 1 0
plexcord/app.go:90.30,91.13 1 0
plexcord/app.go:91.13,98.18 4 0
plexcord/app.go:98.18,101.5 1 0
plexcord/app.go:104.4,104.47 1 0
plexcord/app.go:104.47,107.19 3 0
plexcord/app.go:107.19,111.6 2 0
plexcord/app.go:111.11,114.20 2 0
plexcord/app.go:114.20,116.7 1 0
plexcord/app.go:116.12,118.7 1 0
plexcord/app.go:126.46,128.2 0 0
plexcord/app.go:133.63,135.2 1 0
plexcord/app.go:138.45,143.22 2 0
plexcord/app.go:143.22,145.3 1 0
plexcord/app.go:147.2,147.45 1 0
plexcord/app.go:156.28,161.2 4 0
plexcord/app.go:165.28,167.2 1 0
plexcord/app.go:170.32,172.2 1 0
plexcord/app.go:176.25,179.2 2 0
plexcord/app.go:182.40,184.2 1 0
plexcord/app.go:187.53,189.46 2 0
plexcord/app.go:189.46,192.3 2 0
plexcord/app.go:193.2,194.12 2 0
plexcord/app.go:199.35,201.2 1 0
plexcord/app.go:207.48,209.56 1 0
plexcord/app.go:209.56,212.3 2 0
plexcord/app.go:215.2,216.46 2 0
plexcord/app.go:216.46,221.3 2 0
plexcord/app.go:223.2,224.12 2 0
plexcord/app.go:230.41,232.2 1 0
plexcord/app.go:237.66,251.16 8 0
plexcord/app.go:251.16,254.3 2 0
plexcord/app.go:256.2,266.8 3 0
plexcord/app.go:271.75,276.17 4 0
plexcord/app.go:276.17,278.3 1 0
plexcord/app.go:280.2,284.16 4 0
plexcord/app.go:284.16,286.3 1 0
plexcord/app.go:288.2,288.29 1 0
plexcord/app.go:288.29,300.3 5 0
plexcord/app.go:303.2,303.41 1 0
plexcord/app.go:303.41,313.3 4 0
plexcord/app.go:315.2,318.8 1 0
plexcord/app.go:328.49,329.17 1 0
plexcord/app.go:329.17,331.3 1 0
plexcord/app.go:333.2,334.16 2 0
plexcord/app.go:334.16,337.3 2 0
plexcord/app.go:339.2,340.12 2 0
plexcord/app.go:346.46,348.16 2 0
plexcord/app.go:348.16,351.3 2 0
plexcord/app.go:353.2,353.17 1 0
plexcord/app.go:353.17,355.3 1 0
plexcord/app.go:357.2,358.19 2 0
plexcord/app.go:367.60,372.16 3 0
plexcord/app.go:372.16,375.3 2 0
plexcord/app.go:377.2,378.21 2 0
plexcord/app.go:389.88,394.16 3 0
plexcord/app.go:394.16,397.3 2 0
plexcord/app.go:399.2,399.17 1 0
plexcord/app.go:399.17,402.3 2 0
plexcord/app.go:405.2,407.16 3 0
plexcord/app.go:407.16,410.3 2 0
plexcord/app.go:412.2,421.20 4 0
plexcord/app.go:431.71,436.16 3 0
plexcord/app.go:436.16,439.3 2 0
plexcord/app.go:441.2,441.17 1 0
plexcord/app.go:441.17,444.3 2 0
plexcord/app.go:447.2,449.16 3 0
plexcord/app.go:449.16,452.3 2 0
plexcord/app.go:454.2,455.19 2 0
plexcord/app.go:463.68,466.18 2 0
plexcord/app.go:466.18,468.3 1 0
plexcord/app.go:471.2,475.46 3 0
plexcord/app.go:475.46,478.3 2 0
plexcord/app.go:480.2,481.12 2 0
plexcord/app.go:490.37,497.46 3 0
plexcord/app.go:497.46,500.3 2 0
plexcord/app.go:502.2,506.30 3 0
plexcord/app.go:506.30,509.21 3 0
plexcord/app.go:509.21,511.4 1 0
plexcord/app.go:512.3,512.53 1 0
plexcord/app.go:512.53,515.4 1 0
plexcord/app.go:515.9,518.4 2 0
plexcord/app.go:520.2,524.67 2 0
plexcord/app.go:524.67,525.49 1 0
plexcord/app.go:525.49,528.4 1 0
plexcord/app.go:531.2,531.12 1 0
plexcord/app.go:538.33,546.46 4 0
plexcord/app.go:546.46,549.3 2 0
plexcord/app.go:551.2,552.12 2 0
plexcord/app.go:557.53,560.21 2 0
plexcord/app.go:560.21,562.3 1 0
plexcord/app.go:565.2,568.46 2 0
plexcord/app.go:568.46,571.3 2 0
plexcord/app.go:573.2,574.12 2 0
plexcord/app.go:586.43,591.45 3 0
plexcord/app.go:591.45,594.3 2 0
plexcord/app.go:597.2,597.30 1 0
plexcord/app.go:597.30,599.3 1 0
plexcord/app.go:601.2,601.39 1 0
plexcord/app.go:601.39,603.3 1 0
plexcord/app.go:606.2,607.16 2 0
plexcord/app.go:607.16,610.3 2 0
plexcord/app.go:612.2,612.17 1 0
plexcord/app.go:612.17,614.3 1 0
plexcord/app.go:617.2,621.28 3 0
plexcord/app.go:621.28,623.3 1 0
plexcord/app.go:626.2,631.19 2 0
plexcord/app.go:631.19,645.4 4 0
plexcord/app.go:647.10,656.4 4 0
plexcord/app.go:660.2,670.12 5 0
plexcord/app.go:676.73,679.33 2 0
plexcord/app.go:679.33,680.21 1 0
plexcord/app.go:680.21,694.4 7 0
plexcord/app.go:694.9,694.32 1 0
plexcord/app.go:694.32,708.4 7 0
plexcord/app.go:711.2,711.45 1 0
plexcord/app.go:717.68,722.30 3 0
plexcord/app.go:722.30,725.31 2 0
plexcord/app.go:725.31,727.4 1 0
plexcord/app.go:728.3,728.58 1 0
plexcord/app.go:732.2,740.16 2 0
plexcord/app.go:740.16,743.95 2 0
plexcord/app.go:743.96,745.4 0 0
plexcord/app.go:753.37,756.20 2 0
plexcord/app.go:756.20,758.3 1 0
plexcord/app.go:761.2,762.16 2 0
plexcord/app.go:762.16,766.3 1 0
plexcord/app.go:769.2,770.52 2 0
plexcord/app.go:776.36,780.30 3 0
plexcord/app.go:780.30,783.3 1 0
plexcord/app.go:785.2,786.16 2 0
plexcord/app.go:786.16,788.3 1 0
plexcord/app.go:795.36,799.21 3 0
plexcord/app.go:799.21,801.3 1 0
plexcord/app.go:804.2,804.25 1 0
plexcord/app.go:804.25,806.3 1 0
plexcord/app.go:808.2,813.39 5 0
plexcord/app.go:817.38,822.2 3 0
plexcord/app.go:835.62,845.21 4 0
plexcord/app.go:845.21,849.3 3 0
plexcord/app.go:851.2,851.15 1 0
plexcord/app.go:857.61,859.25 1 0
plexcord/app.go:859.25,861.3 1 0
plexcord/app.go:862.2,862.26 1 0
plexcord/app.go:862.26,864.3 1 0
plexcord/app.go:867.2,868.46 2 0
plexcord/app.go:868.46,871.3 2 0
plexcord/app.go:874.2,875.45 2 0
plexcord/app.go:875.45,878.3 2 0
plexcord/app.go:879.2,881.12 2 0
plexcord/app.go:886.40,887.34 1 0
plexcord/app.go:887.34,889.3 1 0
plexcord/app.go:890.2,890.33 1 0
plexcord/app.go:896.54,900.2 3 0
plexcord/app.go:906.53,913.20 4 0
plexcord/app.go:913.20,915.3 1 0
plexcord/app.go:917.2,918.16 2 0
plexcord/app.go:918.16,929.3 3 0
plexcord/app.go:932.2,932.60 1 0
plexcord/app.go:932.60,934.47 2 0
plexcord/app.go:934.47,936.4 1 0
plexcord/app.go:940.2,952.12 5 0
plexcord/app.go:958.41,965.16 5 0
plexcord/app.go:965.16,968.3 2 0
plexcord/app.go:971.2,976.12 3 0
plexcord/app.go:980.41,984.2 3 0
plexcord/app.go:987.50,989.2 1 0
plexcord/app.go:993.43,994.36 1 0
plexcord/app.go:994.36,996.3 1 0
plexcord/app.go:997.2,997.32 1 0
plexcord/app.go:1003.62,1005.2 1 0
plexcord/app.go:1010.58,1012.59 1 0
plexcord/app.go:1012.59,1015.3 2 0
plexcord/app.go:1017.2,1018.46 2 0
plexcord/app.go:1018.46,1021.3 2 0
plexcord/app.go:1022.2,1023.12 2 0
plexcord/app.go:1028.105,1032.30 3 0
plexcord/app.go:1032.30,1034.3 1 0
plexcord/app.go:1036.2,1036.94 1 0
plexcord/app.go:1041.44,1045.30 3 0
plexcord/app.go:1045.30,1047.3 1 0
plexcord/app.go:1049.2,1049.34 1 0
plexcord/app.go:1055.43,1059.30 3 0
plexcord/app.go:1059.30,1061.3 1 0
plexcord/app.go:1063.2,1074.16 4 0
plexcord/app.go:1074.16,1077.3 2 0
plexcord/app.go:1079.2,1080.12 2 0
plexcord/app.go:1097.40,1105.29 4 0
plexcord/app.go:1105.29,1107.3 1 0
plexcord/app.go:1108.2,1111.47 2 0
plexcord/app.go:1111.47,1114.3 1 0
plexcord/app.go:1114.8,1116.3 1 0
plexcord/app.go:1119.2,1119.46 1 0
plexcord/app.go:1119.46,1122.3 1 0
plexcord/app.go:1125.2,1125.40 1 0
plexcord/app.go:1125.40,1128.3 1 0
plexcord/app.go:1128.8,1130.3 1 0
plexcord/app.go:1133.2,1137.12 4 0
plexcord/app.go:1146.58,1148.2 1 0
plexcord/app.go:1151.50,1153.2 1 0
plexcord/app.go:1156.45,1158.2 1 0
plexcord/app.go:1171.56,1176.2 1 0
plexcord/app.go:1180.42,1183.46 3 0
plexcord/app.go:1183.46,1185.3 1 0
plexcord/app.go:1190.45,1193.46 3 0
plexcord/app.go:1193.46,1195.3 1 0
plexcord/app.go:1204.37,1207.16 1 0
plexcord/app.go:1207.16,1210.18 2 0
plexcord/app.go:1210.18,1212.5 1 0
plexcord/app.go:1214.4,1214.34 1 0
plexcord/app.go:1216.32,1219.4 1 0
plexcord/app.go:1223.2,1224.16 1 0
plexcord/app.go:1224.16,1227.4 1 0
plexcord/app.go:1228.32,1231.4 1 0
plexcord/app.go:1236.52,1238.2 1 0
plexcord/app.go:1241.55,1243.2 1 0
plexcord/app.go:1247.37,1249.2 1 0
plexcord/app.go:1253.40,1255.2 1 0
plexcord/app.go:1258.41,1261.30 2 0
plexcord/app.go:1261.30,1263.3 1 0
plexcord/app.go:1264.2,1264.30 1 0
plexcord/app.go:1268.44,1271.2 2 0
plexcord/app.go:1274.31,1276.2 1 0
plexcord/app.go:1279.34,1281.2 1 0
plexcord/app.go:1290.41,1292.2 1 0
plexcord/app.go:1297.61,1301.16 3 0
plexcord/app.go:1301.16,1304.3 2 0
plexcord/app.go:1306.2,1306.20 1 0
plexcord/app.go:1306.20,1308.3 1 0
plexcord/app.go:1308.8,1310.3 1 0
plexcord/app.go:1312.2,1312.18 1 0
plexcord/app.go:1317.40,1322.2 4 0
plexcord/app.go:1326.48,1327.15 1 0
plexcord/app.go:1327.15,1329.3 1 0
plexcord/app.go:1330.2,1332.12 3 0
plexcord/app.go:1350.48,1360.2 3 0
plexcord/greet.go:6.41,8.2 1 0
plexcord/main.go:21.13,84.16 3 0
plexcord/main.go:84.16,86.3 1 0
plexcord/internal/retry/retry.go:55.39,59.2 1 0
plexcord/internal/retry/retry.go:62.86,67.2 4 0
plexcord/internal/retry/retry.go:71.49,76.15 3 0
plexcord/internal/retry/retry.go:76.15,80.3 3 0
plexcord/internal/retry/retry.go:82.2,91.23 6 0
plexcord/internal/retry/retry.go:95.26,100.2 3 0
plexcord/internal/retry/retry.go:103.34,104.20 1 0
plexcord/internal/retry/retry.go:104.20,107.3 2 0
plexcord/internal/retry/retry.go:108.2,108.21 1 0
plexcord/internal/retry/retry.go:108.21,111.3 2 0
plexcord/internal/retry/retry.go:112.2,113.21 2 0
plexcord/internal/retry/retry.go:117.27,126.28 6 0
plexcord/internal/retry/retry.go:126.28,131.3 1 0
plexcord/internal/retry/retry.go:135.33,140.20 3 0
plexcord/internal/retry/retry.go:140.20,143.3 2 0
plexcord/internal/retry/retry.go:146.2,149.16 2 0
plexcord/internal/retry/retry.go:153.41,163.24 4 0
plexcord/internal/retry/retry.go:163.24,166.3 2 0
plexcord/internal/retry/retry.go:168.2,168.33 1 0
plexcord/internal/retry/retry.go:168.33,172.3 3 0
plexcord/internal/retry/retry.go:174.2,174.14 1 0
plexcord/internal/retry/retry.go:178.37,182.2 3 0
plexcord/internal/retry/retry.go:185.58,186.37 1 0
plexcord/internal/retry/retry.go:186.37,188.3 1 0
plexcord/internal/retry/retry.go:189.2,189.33 1 0
plexcord/internal/retry/retry.go:193.39,199.28 3 0
plexcord/internal/retry/retry.go:199.28,209.3 1 0
plexcord/internal/retry/retry.go:211.2,211.44 1 0
plexcord/internal/retry/retry.go:211.44,213.3 1 0
plexcord/internal/retry/retry.go:217.29,221.40 2 0
plexcord/internal/retry/retry.go:221.40,224.3 2 0
plexcord/internal/retry/retry.go:226.2,229.21 3 0
plexcord/internal/retry/retry.go:229.21,232.3 2 0
plexcord/internal/retry/retry.go:234.2,241.40 5 0
plexcord/internal/retry/retry.go:241.40,243.3 1 0
plexcord/internal/retry/retry.go:245.2,245.16 1 0
plexcord/internal/retry/retry.go:245.16,253.29 5 0
plexcord/internal/retry/retry.go:253.29,258.4 1 0
plexcord/internal/retry/retry.go:259.3,259.9 1 0
plexcord/internal/retry/retry.go:263.2,266.23 4 0
plexcord/internal/plex/auth.go:48.40,58.2 2 0
plexcord/internal/plex/auth.go:61.79,67.16 4 0
plexcord/internal/plex/auth.go:67.16,69.3 1 0
plexcord/internal/plex/auth.go:72.2,79.16 7 0
plexcord/internal/plex/auth.go:79.16,81.3 1 0
plexcord/internal/plex/auth.go:82.2,84.43 2 0
plexcord/internal/plex/auth.go:84.43,88.3 2 0
plexcord/internal/plex/auth.go:90.2,91.16 2 0
plexcord/internal/plex/auth.go:91.16,93.3 1 0
plexcord/internal/plex/auth.go:95.2,96.55 2 0
plexcord/internal/plex/auth.go:96.55,98.3 1 0
plexcord/internal/plex/auth.go:100.2,100.22 1 0
plexcord/internal/plex/auth.go:104.88,108.16 3 0
plexcord/internal/plex/auth.go:108.16,110.3 1 0
plexcord/internal/plex/auth.go:113.2,117.16 4 0
plexcord/internal/plex/auth.go:117.16,119.3 1 0
plexcord/internal/plex/auth.go:120.2,122.38 2 0
plexcord/internal/plex/auth.go:122.38,126.3 2 0
plexcord/internal/plex/auth.go:128.2,129.16 2 0
plexcord/internal/plex/auth.go:129.16,131.3 1 0
plexcord/internal/plex/auth.go:133.2,134.55 2 0
plexcord/internal/plex/auth.go:134.55,136.3 1 0
plexcord/internal/plex/auth.go:138.2,138.22 1 0
plexcord/internal/plex/auth.go:142.59,149.2 5 0
plexcord/internal/plex/auth.go:153.101,157.6 3 0
plexcord/internal/plex/auth.go:157.6,158.10 1 0
plexcord/internal/plex/auth.go:159.21,160.77 1 0
plexcord/internal/plex/auth.go:161.19,163.18 2 0
plexcord/internal/plex/auth.go:163.18,165.5 1 0
plexcord/internal/plex/auth.go:168.4,168.31 1 0
plexcord/internal/plex/auth.go:168.31,170.5 1 0
plexcord/internal/plex/auth.go:173.4,173.43 1 0
plexcord/internal/plex/auth.go:173.43,175.5 1 0
plexcord/internal/plex/client.go:25.49,33.2 1 57
plexcord/internal/plex/client.go:52.66,57.42 3 14
plexcord/internal/plex/client.go:57.42,63.3 1 0
plexcord/internal/plex/client.go:67.2,69.16 3 14
plexcord/internal/plex/client.go:69.16,71.3 1 0
plexcord/internal/plex/client.go:73.2,77.16 4 14
plexcord/internal/plex/client.go:77.16,79.3 1 3
plexcord/internal/plex/client.go:80.2,82.46 2 11
plexcord/internal/plex/client.go:82.46,84.3 1 6
plexcord/internal/plex/client.go:86.2,87.16 2 5
plexcord/internal/plex/client.go:87.16,89.3 1 0
plexcord/internal/plex/client.go:91.2,92.63 2 5
plexcord/internal/plex/client.go:92.63,94.3 1 2
plexcord/internal/plex/client.go:97.2,100.16 3 3
plexcord/internal/plex/client.go:100.16,102.3 1 0
plexcord/internal/plex/client.go:104.2,108.16 4 3
plexcord/internal/plex/client.go:108.16,110.3 1 0
plexcord/internal/plex/client.go:111.2,115.45 3 3
plexcord/internal/plex/client.go:115.45,120.3 3 1
plexcord/internal/plex/client.go:122.2,123.16 2 2
plexcord/internal/plex/client.go:123.16,125.3 1 0
plexcord/internal/plex/client.go:127.2,128.61 2 2
plexcord/internal/plex/client.go:128.61,130.3 1 0
plexcord/internal/plex/client.go:134.2,135.22 2 2
plexcord/internal/plex/client.go:135.22,137.3 1 0
plexcord/internal/plex/client.go:139.2,145.8 1 2
plexcord/internal/plex/client.go:149.49,155.16 5 9
plexcord/internal/plex/client.go:155.16,157.3 1 0
plexcord/internal/plex/client.go:159.2,163.16 4 9
plexcord/internal/plex/client.go:163.16,165.3 1 2
plexcord/internal/plex/client.go:166.2,168.38 2 7
plexcord/internal/plex/client.go:168.38,170.3 1 3
plexcord/internal/plex/client.go:172.2,173.16 2 4
plexcord/internal/plex/client.go:173.16,175.3 1 0
plexcord/internal/plex/client.go:177.2,178.55 2 4
plexcord/internal/plex/client.go:178.55,180.3 1 1
plexcord/internal/plex/client.go:182.2,183.40 2 3
plexcord/internal/plex/client.go:183.40,186.17 2 4
plexcord/internal/plex/client.go:186.17,188.4 1 0
plexcord/internal/plex/client.go:190.3,194.4 1 4
plexcord/internal/plex/client.go:197.2,197.19 1 3
plexcord/internal/plex/client.go:204.64,211.16 5 6
plexcord/internal/plex/client.go:211.16,213.3 1 0
plexcord/internal/plex/client.go:215.2,219.16 4 6
plexcord/internal/plex/client.go:219.16,221.3 1 1
plexcord/internal/plex/client.go:222.2,224.38 2 5
plexcord/internal/plex/client.go:224.38,226.3 1 1
plexcord/internal/plex/client.go:228.2,229.16 2 4
plexcord/internal/plex/client.go:229.16,231.3 1 0
plexcord/internal/plex/client.go:233.2,234.59 2 4
plexcord/internal/plex/client.go:234.59,236.3 1 0
plexcord/internal/plex/client.go:239.2,240.46 2 4
plexcord/internal/plex/client.go:240.46,242.46 1 5
plexcord/internal/plex/client.go:242.46,243.12 1 1
plexcord/internal/plex/client.go:246.3,253.5 1 4
plexcord/internal/plex/client.go:257.2,257.21 1 4
plexcord/internal/plex/client.go:257.21,259.3 1 1
plexcord/internal/plex/client.go:261.2,261.22 1 4
plexcord/internal/plex/client.go:267.74,274.16 5 32
plexcord/internal/plex/client.go:274.16,276.3 1 0
plexcord/internal/plex/client.go:278.2,281.16 4 32
plexcord/internal/plex/client.go:281.16,283.3 1 1
plexcord/internal/plex/client.go:284.2,286.38 2 31
plexcord/internal/plex/client.go:286.38,288.3 1 2
plexcord/internal/plex/client.go:290.2,291.16 2 29
plexcord/internal/plex/client.go:291.16,293.3 1 0
plexcord/internal/plex/client.go:295.2,296.59 2 29
plexcord/internal/plex/client.go:296.59,298.3 1 0
plexcord/internal/plex/client.go:301.2,302.46 2 29
plexcord/internal/plex/client.go:302.46,304.46 1 21
plexcord/internal/plex/client.go:304.46,305.12 1 2
plexcord/internal/plex/client.go:309.3,309.28 1 19
plexcord/internal/plex/client.go:309.28,310.12 1 3
plexcord/internal/plex/client.go:314.3,315.24 2 16
plexcord/internal/plex/client.go:315.24,317.4 1 3
plexcord/internal/plex/client.go:319.3,340.49 3 16
plexcord/internal/plex/client.go:344.2,344.26 1 29
plexcord/internal/plex/client.go:344.26,346.3 1 13
plexcord/internal/plex/client.go:348.2,348.27 1 29
plexcord/internal/plex/client.go:354.59,355.21 1 7
plexcord/internal/plex/client.go:355.21,357.3 1 1
plexcord/internal/plex/client.go:359.2,359.94 1 6
plexcord/internal/plex/client.go:363.57,365.43 1 7
plexcord/internal/plex/client.go:365.43,367.3 1 1
plexcord/internal/plex/client.go:370.2,370.16 1 6
plexcord/internal/plex/client.go:370.16,373.41 2 6
plexcord/internal/plex/client.go:373.41,374.24 1 6
plexcord/internal/plex/client.go:374.24,376.5 1 2
plexcord/internal/plex/client.go:377.4,379.56 1 4
plexcord/internal/plex/client.go:379.56,381.5 1 0
plexcord/internal/plex/client.go:383.3,383.82 1 4
plexcord/internal/plex/client.go:386.2,386.65 1 0
plexcord/internal/plex/client.go:390.46,391.20 1 20
plexcord/internal/plex/client.go:392.29,394.85 1 0
plexcord/internal/plex/client.go:395.53,396.91 1 8
plexcord/internal/plex/client.go:397.27,398.74 1 2
plexcord/internal/plex/client.go:399.92,400.66 1 9
plexcord/internal/plex/client.go:401.10,402.99 1 1
plexcord/internal/plex/discovery.go:10.63,14.16 3 0
plexcord/internal/plex/discovery.go:14.16,16.3 1 0
plexcord/internal/plex/discovery.go:18.2,18.21 1 0
plexcord/internal/plex/gdm.go:22.55,24.2 1 2
plexcord/internal/plex/gdm.go:27.47,30.16 2 0
plexcord/internal/plex/gdm.go:30.16,32.3 1 0
plexcord/internal/plex/gdm.go:35.2,36.16 2 0
plexcord/internal/plex/gdm.go:36.16,38.3 1 0
plexcord/internal/plex/gdm.go:39.2,43.16 3 0
plexcord/internal/plex/gdm.go:43.16,45.3 1 0
plexcord/internal/plex/gdm.go:48.2,54.6 4 0
plexcord/internal/plex/gdm.go:54.6,56.17 2 0
plexcord/internal/plex/gdm.go:56.17,58.9 1 0
plexcord/internal/plex/gdm.go:62.3,63.17 2 0
plexcord/internal/plex/gdm.go:63.17,64.12 1 0
plexcord/internal/plex/gdm.go:67.3,67.36 1 0
plexcord/internal/plex/gdm.go:70.2,70.41 1 0
plexcord/internal/plex/gdm.go:74.63,81.21 3 2
plexcord/internal/plex/gdm.go:81.21,83.40 2 7
plexcord/internal/plex/gdm.go:83.40,85.4 1 1
plexcord/internal/plex/gdm.go:85.9,85.47 1 6
plexcord/internal/plex/gdm.go:85.47,87.4 1 2
plexcord/internal/plex/gdm.go:87.9,87.62 1 4
plexcord/internal/plex/gdm.go:87.62,89.4 1 2
plexcord/internal/plex/gdm.go:92.2,92.23 1 2
plexcord/internal/plex/gdm.go:92.23,94.3 1 1
plexcord/internal/plex/gdm.go:96.2,96.20 1 1
plexcord/internal/plex/gdm.go:100.32,102.21 2 9
plexcord/internal/plex/gdm.go:102.21,104.3 1 1
plexcord/internal/plex/gdm.go:107.2,107.54 1 8
plexcord/internal/plex/gdm.go:111.52,115.33 3 2
plexcord/internal/plex/gdm.go:115.33,116.22 1 5
plexcord/internal/plex/gdm.go:116.22,118.12 2 2
plexcord/internal/plex/gdm.go:121.3,121.23 1 3
plexcord/internal/plex/gdm.go:121.23,124.4 2 2
plexcord/internal/plex/gdm.go:127.2,127.15 1 2
plexcord/internal/plex/poller.go:34.79,36.28 1 18
plexcord/internal/plex/poller.go:36.28,38.3 1 1
plexcord/internal/plex/poller.go:39.2,39.31 1 18
plexcord/internal/plex/poller.go:39.31,41.3 1 1
plexcord/internal/plex/poller.go:43.2,49.3 1 18
plexcord/internal/plex/poller.go:57.66,59.15 2 14
plexcord/internal/plex/poller.go:59.15,62.3 2 0
plexcord/internal/plex/poller.go:63.2,71.19 6 14
plexcord/internal/plex/poller.go:76.25,80.16 3 15
plexcord/internal/plex/poller.go:80.16,82.3 1 2
plexcord/internal/plex/poller.go:84.2,85.17 2 13
plexcord/internal/plex/poller.go:91.54,93.28 1 3
plexcord/internal/plex/poller.go:93.28,95.3 1 1
plexcord/internal/plex/poller.go:96.2,96.31 1 3
plexcord/internal/plex/poller.go:96.31,98.3 1 1
plexcord/internal/plex/poller.go:100.2,102.15 3 3
plexcord/internal/plex/poller.go:106.46,110.2 3 3
plexcord/internal/plex/poller.go:113.35,117.2 3 5
plexcord/internal/plex/poller.go:122.81,127.2 4 0
plexcord/internal/plex/poller.go:130.40,134.2 3 0
plexcord/internal/plex/poller.go:138.48,140.15 1 14
plexcord/internal/plex/poller.go:140.15,146.3 4 14
plexcord/internal/plex/poller.go:149.2,160.20 8 14
plexcord/internal/plex/poller.go:160.20,161.10 1 6
plexcord/internal/plex/poller.go:162.30,162.30 0 6
plexcord/internal/plex/poller.go:164.11,165.63 1 0
plexcord/internal/plex/poller.go:167.3,167.24 1 6
plexcord/internal/plex/poller.go:170.2,170.6 1 14
plexcord/internal/plex/poller.go:170.6,171.10 1 23
plexcord/internal/plex/poller.go:172.21,174.10 2 1
plexcord/internal/plex/poller.go:175.19,177.10 2 13
plexcord/internal/plex/poller.go:178.19,184.31 4 9
plexcord/internal/plex/poller.go:184.31,188.5 3 0
plexcord/internal/plex/poller.go:190.4,193.44 2 9
plexcord/internal/plex/poller.go:193.44,194.12 1 4
plexcord/internal/plex/poller.go:195.32,195.32 0 4
plexcord/internal/plex/poller.go:197.13,199.57 1 0
plexcord/internal/plex/poller.go:201.5,201.26 1 4
plexcord/internal/plex/poller.go:210.41,212.16 2 23
plexcord/internal/plex/poller.go:212.16,225.41 8 3
plexcord/internal/plex/poller.go:225.41,227.4 1 0
plexcord/internal/plex/poller.go:229.3,229.13 1 3
plexcord/internal/plex/poller.go:233.2,239.43 6 20
plexcord/internal/plex/poller.go:239.43,242.3 2 0
plexcord/internal/plex/poller.go:244.2,244.24 1 20
plexcord/internal/plex/poller.go:244.24,246.3 1 12
plexcord/internal/plex/poller.go:249.2,249.21 1 8
plexcord/internal/plex/poller.go:254.52,256.32 1 29
plexcord/internal/plex/poller.go:256.32,258.3 1 7
plexcord/internal/plex/poller.go:261.2,261.32 1 22
plexcord/internal/plex/poller.go:261.32,263.3 1 5
plexcord/internal/plex/poller.go:266.2,266.40 1 17
plexcord/internal/plex/poller.go:266.40,268.3 1 1
plexcord/internal/plex/poller.go:270.2,270.30 1 16
plexcord/internal/plex/poller.go:270.30,272.3 1 7
plexcord/internal/plex/poller.go:274.2,274.30 1 9
plexcord/internal/plex/poller.go:274.30,276.3 1 2
plexcord/internal/plex/poller.go:279.2,279.32 1 7
plexcord/internal/plex/poller.go:279.32,281.3 1 2
plexcord/internal/plex/poller.go:283.2,283.30 1 5
plexcord/internal/plex/poller.go:283.30,285.3 1 2
plexcord/internal/plex/poller.go:290.2,290.14 1 3
plexcord/internal/plex/types.go:26.31,28.2 1 1
plexcord/internal/plex/types.go:126.41,127.19 1 23
plexcord/internal/plex/types.go:127.19,129.3 1 3
plexcord/internal/plex/types.go:130.2,130.20 1 23
plexcord/internal/plex/types.go:130.20,132.3 1 14
plexcord/internal/plex/types.go:133.2,133.19 1 23
plexcord/internal/plex/types.go:133.19,135.3 1 14
